Performing C SOURCE FILE Test HAVE_GCC_PREFERRED_STACK_BOUNDARY failed with the following output:
Change Dir: /Users/abodnar/UNT/Projects/Wolf3D/cmake-build-debug/sdl/source/src/sdlLibrary-build/CMakeFiles/CMakeTmp

Run Build Command(s):/usr/bin/make cmTC_64c1c/fast 
/Applications/Xcode.app/Contents/Developer/usr/bin/make -f CMakeFiles/cmTC_64c1c.dir/build.make CMakeFiles/cmTC_64c1c.dir/build
Building C object CMakeFiles/cmTC_64c1c.dir/src.c.o
/Applications/Xcode.app/Contents/Developer/Toolchains/XcodeDefault.xctoolchain/usr/bin/cc   -g -O3 -idirafter /Users/abodnar/UNT/Projects/Wolf3D/cmake-build-debug/sdl/source/src/sdlLibrary/src/video/khronos -DHAVE_GCC_PREFERRED_STACK_BOUNDARY -mpreferred-stack-boundary=2   -o CMakeFiles/cmTC_64c1c.dir/src.c.o   -c /Users/abodnar/UNT/Projects/Wolf3D/cmake-build-debug/sdl/source/src/sdlLibrary-build/CMakeFiles/CMakeTmp/src.c
clang: error: unknown argument: '-mpreferred-stack-boundary=2'
make[5]: *** [CMakeFiles/cmTC_64c1c.dir/src.c.o] Error 1
make[4]: *** [cmTC_64c1c/fast] Error 2

Source file was:
int x = 0; int main(int argc, char **argv) {}
Performing C SOURCE FILE Test HAVE_ALTIVEC_H_HDR failed with the following output:
Change Dir: /Users/abodnar/UNT/Projects/Wolf3D/cmake-build-debug/sdl/source/src/sdlLibrary-build/CMakeFiles/CMakeTmp

Run Build Command(s):/usr/bin/make cmTC_a81cb/fast 
/Applications/Xcode.app/Contents/Developer/usr/bin/make -f CMakeFiles/cmTC_a81cb.dir/build.make CMakeFiles/cmTC_a81cb.dir/build
Building C object CMakeFiles/cmTC_a81cb.dir/src.c.o
/Applications/Xcode.app/Contents/Developer/Toolchains/XcodeDefault.xctoolchain/usr/bin/cc   -g -O3 -idirafter /Users/abodnar/UNT/Projects/Wolf3D/cmake-build-debug/sdl/source/src/sdlLibrary/src/video/khronos -DHAVE_ALTIVEC_H_HDR -maltivec   -o CMakeFiles/cmTC_a81cb.dir/src.c.o   -c /Users/abodnar/UNT/Projects/Wolf3D/cmake-build-debug/sdl/source/src/sdlLibrary-build/CMakeFiles/CMakeTmp/src.c
clang: error: invalid argument '-faltivec' only allowed with 'ppc/ppc64/ppc64le'
make[5]: *** [CMakeFiles/cmTC_a81cb.dir/src.c.o] Error 1
make[4]: *** [cmTC_a81cb/fast] Error 2

Source file was:

          #include <altivec.h>
          vector unsigned int vzero() {
              return vec_splat_u32(0);
          }
          int main(int argc, char **argv) { }
Performing C SOURCE FILE Test HAVE_ALTIVEC failed with the following output:
Change Dir: /Users/abodnar/UNT/Projects/Wolf3D/cmake-build-debug/sdl/source/src/sdlLibrary-build/CMakeFiles/CMakeTmp

Run Build Command(s):/usr/bin/make cmTC_e2e9d/fast 
/Applications/Xcode.app/Contents/Developer/usr/bin/make -f CMakeFiles/cmTC_e2e9d.dir/build.make CMakeFiles/cmTC_e2e9d.dir/build
Building C object CMakeFiles/cmTC_e2e9d.dir/src.c.o
/Applications/Xcode.app/Contents/Developer/Toolchains/XcodeDefault.xctoolchain/usr/bin/cc   -g -O3 -idirafter /Users/abodnar/UNT/Projects/Wolf3D/cmake-build-debug/sdl/source/src/sdlLibrary/src/video/khronos -DHAVE_ALTIVEC -maltivec   -o CMakeFiles/cmTC_e2e9d.dir/src.c.o   -c /Users/abodnar/UNT/Projects/Wolf3D/cmake-build-debug/sdl/source/src/sdlLibrary-build/CMakeFiles/CMakeTmp/src.c
clang: error: invalid argument '-faltivec' only allowed with 'ppc/ppc64/ppc64le'
make[5]: *** [CMakeFiles/cmTC_e2e9d.dir/src.c.o] Error 1
make[4]: *** [cmTC_e2e9d/fast] Error 2

Source file was:

          vector unsigned int vzero() {
              return vec_splat_u32(0);
          }
          int main(int argc, char **argv) { }
Determining if the include file malloc.h exists failed with the following output:
Change Dir: /Users/abodnar/UNT/Projects/Wolf3D/cmake-build-debug/sdl/source/src/sdlLibrary-build/CMakeFiles/CMakeTmp

Run Build Command(s):/usr/bin/make cmTC_2c545/fast 
/Applications/Xcode.app/Contents/Developer/usr/bin/make -f CMakeFiles/cmTC_2c545.dir/build.make CMakeFiles/cmTC_2c545.dir/build
Building C object CMakeFiles/cmTC_2c545.dir/CheckIncludeFile.c.o
/Applications/Xcode.app/Contents/Developer/Toolchains/XcodeDefault.xctoolchain/usr/bin/cc   -g -O3 -idirafter /Users/abodnar/UNT/Projects/Wolf3D/cmake-build-debug/sdl/source/src/sdlLibrary/src/video/khronos    -o CMakeFiles/cmTC_2c545.dir/CheckIncludeFile.c.o   -c /Users/abodnar/UNT/Projects/Wolf3D/cmake-build-debug/sdl/source/src/sdlLibrary-build/CMakeFiles/CMakeTmp/CheckIncludeFile.c
/Users/abodnar/UNT/Projects/Wolf3D/cmake-build-debug/sdl/source/src/sdlLibrary-build/CMakeFiles/CMakeTmp/CheckIncludeFile.c:1:10: fatal error: 'malloc.h' file not found
#include <malloc.h>
         ^~~~~~~~~~
1 error generated.
make[5]: *** [CMakeFiles/cmTC_2c545.dir/CheckIncludeFile.c.o] Error 1
make[4]: *** [cmTC_2c545/fast] Error 2


Determining if the function _strrev exists failed with the following output:
Change Dir: /Users/abodnar/UNT/Projects/Wolf3D/cmake-build-debug/sdl/source/src/sdlLibrary-build/CMakeFiles/CMakeTmp

Run Build Command(s):/usr/bin/make cmTC_4b5fc/fast 
/Applications/Xcode.app/Contents/Developer/usr/bin/make -f CMakeFiles/cmTC_4b5fc.dir/build.make CMakeFiles/cmTC_4b5fc.dir/build
Building C object CMakeFiles/cmTC_4b5fc.dir/CheckFunctionExists.c.o
/Applications/Xcode.app/Contents/Developer/Toolchains/XcodeDefault.xctoolchain/usr/bin/cc   -g -O3 -idirafter /Users/abodnar/UNT/Projects/Wolf3D/cmake-build-debug/sdl/source/src/sdlLibrary/src/video/khronos -DCHECK_FUNCTION_EXISTS=_strrev   -o CMakeFiles/cmTC_4b5fc.dir/CheckFunctionExists.c.o   -c /Applications/CLion.app/Contents/bin/cmake/mac/share/cmake-3.14/Modules/CheckFunctionExists.c
Linking C executable cmTC_4b5fc
/Applications/CLion.app/Contents/bin/cmake/mac/bin/cmake -E cmake_link_script CMakeFiles/cmTC_4b5fc.dir/link.txt --verbose=1
/Applications/Xcode.app/Contents/Developer/Toolchains/XcodeDefault.xctoolchain/usr/bin/cc -g -O3 -idirafter /Users/abodnar/UNT/Projects/Wolf3D/cmake-build-debug/sdl/source/src/sdlLibrary/src/video/khronos -DCHECK_FUNCTION_EXISTS=_strrev -Wl,-search_paths_first -Wl,-headerpad_max_install_names   CMakeFiles/cmTC_4b5fc.dir/CheckFunctionExists.c.o  -o cmTC_4b5fc 
Undefined symbols for architecture x86_64:
  "__strrev", referenced from:
      _main in CheckFunctionExists.c.o
ld: symbol(s) not found for architecture x86_64
clang: error: linker command failed with exit code 1 (use -v to see invocation)
make[5]: *** [cmTC_4b5fc] Error 1
make[4]: *** [cmTC_4b5fc/fast] Error 2


Determining if the function _strupr exists failed with the following output:
Change Dir: /Users/abodnar/UNT/Projects/Wolf3D/cmake-build-debug/sdl/source/src/sdlLibrary-build/CMakeFiles/CMakeTmp

Run Build Command(s):/usr/bin/make cmTC_3637a/fast 
/Applications/Xcode.app/Contents/Developer/usr/bin/make -f CMakeFiles/cmTC_3637a.dir/build.make CMakeFiles/cmTC_3637a.dir/build
Building C object CMakeFiles/cmTC_3637a.dir/CheckFunctionExists.c.o
/Applications/Xcode.app/Contents/Developer/Toolchains/XcodeDefault.xctoolchain/usr/bin/cc   -g -O3 -idirafter /Users/abodnar/UNT/Projects/Wolf3D/cmake-build-debug/sdl/source/src/sdlLibrary/src/video/khronos -DCHECK_FUNCTION_EXISTS=_strupr   -o CMakeFiles/cmTC_3637a.dir/CheckFunctionExists.c.o   -c /Applications/CLion.app/Contents/bin/cmake/mac/share/cmake-3.14/Modules/CheckFunctionExists.c
Linking C executable cmTC_3637a
/Applications/CLion.app/Contents/bin/cmake/mac/bin/cmake -E cmake_link_script CMakeFiles/cmTC_3637a.dir/link.txt --verbose=1
/Applications/Xcode.app/Contents/Developer/Toolchains/XcodeDefault.xctoolchain/usr/bin/cc -g -O3 -idirafter /Users/abodnar/UNT/Projects/Wolf3D/cmake-build-debug/sdl/source/src/sdlLibrary/src/video/khronos -DCHECK_FUNCTION_EXISTS=_strupr -Wl,-search_paths_first -Wl,-headerpad_max_install_names   CMakeFiles/cmTC_3637a.dir/CheckFunctionExists.c.o  -o cmTC_3637a 
Undefined symbols for architecture x86_64:
  "__strupr", referenced from:
      _main in CheckFunctionExists.c.o
ld: symbol(s) not found for architecture x86_64
clang: error: linker command failed with exit code 1 (use -v to see invocation)
make[5]: *** [cmTC_3637a] Error 1
make[4]: *** [cmTC_3637a/fast] Error 2


Determining if the function _strlwr exists failed with the following output:
Change Dir: /Users/abodnar/UNT/Projects/Wolf3D/cmake-build-debug/sdl/source/src/sdlLibrary-build/CMakeFiles/CMakeTmp

Run Build Command(s):/usr/bin/make cmTC_8bf45/fast 
/Applications/Xcode.app/Contents/Developer/usr/bin/make -f CMakeFiles/cmTC_8bf45.dir/build.make CMakeFiles/cmTC_8bf45.dir/build
Building C object CMakeFiles/cmTC_8bf45.dir/CheckFunctionExists.c.o
/Applications/Xcode.app/Contents/Developer/Toolchains/XcodeDefault.xctoolchain/usr/bin/cc   -g -O3 -idirafter /Users/abodnar/UNT/Projects/Wolf3D/cmake-build-debug/sdl/source/src/sdlLibrary/src/video/khronos -DCHECK_FUNCTION_EXISTS=_strlwr   -o CMakeFiles/cmTC_8bf45.dir/CheckFunctionExists.c.o   -c /Applications/CLion.app/Contents/bin/cmake/mac/share/cmake-3.14/Modules/CheckFunctionExists.c
Linking C executable cmTC_8bf45
/Applications/CLion.app/Contents/bin/cmake/mac/bin/cmake -E cmake_link_script CMakeFiles/cmTC_8bf45.dir/link.txt --verbose=1
/Applications/Xcode.app/Contents/Developer/Toolchains/XcodeDefault.xctoolchain/usr/bin/cc -g -O3 -idirafter /Users/abodnar/UNT/Projects/Wolf3D/cmake-build-debug/sdl/source/src/sdlLibrary/src/video/khronos -DCHECK_FUNCTION_EXISTS=_strlwr -Wl,-search_paths_first -Wl,-headerpad_max_install_names   CMakeFiles/cmTC_8bf45.dir/CheckFunctionExists.c.o  -o cmTC_8bf45 
Undefined symbols for architecture x86_64:
  "__strlwr", referenced from:
      _main in CheckFunctionExists.c.o
ld: symbol(s) not found for architecture x86_64
clang: error: linker command failed with exit code 1 (use -v to see invocation)
make[5]: *** [cmTC_8bf45] Error 1
make[4]: *** [cmTC_8bf45/fast] Error 2


Determining if the function itoa exists failed with the following output:
Change Dir: /Users/abodnar/UNT/Projects/Wolf3D/cmake-build-debug/sdl/source/src/sdlLibrary-build/CMakeFiles/CMakeTmp

Run Build Command(s):/usr/bin/make cmTC_6a304/fast 
/Applications/Xcode.app/Contents/Developer/usr/bin/make -f CMakeFiles/cmTC_6a304.dir/build.make CMakeFiles/cmTC_6a304.dir/build
Building C object CMakeFiles/cmTC_6a304.dir/CheckFunctionExists.c.o
/Applications/Xcode.app/Contents/Developer/Toolchains/XcodeDefault.xctoolchain/usr/bin/cc   -g -O3 -idirafter /Users/abodnar/UNT/Projects/Wolf3D/cmake-build-debug/sdl/source/src/sdlLibrary/src/video/khronos -DCHECK_FUNCTION_EXISTS=itoa   -o CMakeFiles/cmTC_6a304.dir/CheckFunctionExists.c.o   -c /Applications/CLion.app/Contents/bin/cmake/mac/share/cmake-3.14/Modules/CheckFunctionExists.c
Linking C executable cmTC_6a304
/Applications/CLion.app/Contents/bin/cmake/mac/bin/cmake -E cmake_link_script CMakeFiles/cmTC_6a304.dir/link.txt --verbose=1
/Applications/Xcode.app/Contents/Developer/Toolchains/XcodeDefault.xctoolchain/usr/bin/cc -g -O3 -idirafter /Users/abodnar/UNT/Projects/Wolf3D/cmake-build-debug/sdl/source/src/sdlLibrary/src/video/khronos -DCHECK_FUNCTION_EXISTS=itoa -Wl,-search_paths_first -Wl,-headerpad_max_install_names   CMakeFiles/cmTC_6a304.dir/CheckFunctionExists.c.o  -o cmTC_6a304 
Undefined symbols for architecture x86_64:
  "_itoa", referenced from:
      _main in CheckFunctionExists.c.o
ld: symbol(s) not found for architecture x86_64
clang: error: linker command failed with exit code 1 (use -v to see invocation)
make[5]: *** [cmTC_6a304] Error 1
make[4]: *** [cmTC_6a304/fast] Error 2


Determining if the function _ltoa exists failed with the following output:
Change Dir: /Users/abodnar/UNT/Projects/Wolf3D/cmake-build-debug/sdl/source/src/sdlLibrary-build/CMakeFiles/CMakeTmp

Run Build Command(s):/usr/bin/make cmTC_9be00/fast 
/Applications/Xcode.app/Contents/Developer/usr/bin/make -f CMakeFiles/cmTC_9be00.dir/build.make CMakeFiles/cmTC_9be00.dir/build
Building C object CMakeFiles/cmTC_9be00.dir/CheckFunctionExists.c.o
/Applications/Xcode.app/Contents/Developer/Toolchains/XcodeDefault.xctoolchain/usr/bin/cc   -g -O3 -idirafter /Users/abodnar/UNT/Projects/Wolf3D/cmake-build-debug/sdl/source/src/sdlLibrary/src/video/khronos -DCHECK_FUNCTION_EXISTS=_ltoa   -o CMakeFiles/cmTC_9be00.dir/CheckFunctionExists.c.o   -c /Applications/CLion.app/Contents/bin/cmake/mac/share/cmake-3.14/Modules/CheckFunctionExists.c
Linking C executable cmTC_9be00
/Applications/CLion.app/Contents/bin/cmake/mac/bin/cmake -E cmake_link_script CMakeFiles/cmTC_9be00.dir/link.txt --verbose=1
/Applications/Xcode.app/Contents/Developer/Toolchains/XcodeDefault.xctoolchain/usr/bin/cc -g -O3 -idirafter /Users/abodnar/UNT/Projects/Wolf3D/cmake-build-debug/sdl/source/src/sdlLibrary/src/video/khronos -DCHECK_FUNCTION_EXISTS=_ltoa -Wl,-search_paths_first -Wl,-headerpad_max_install_names   CMakeFiles/cmTC_9be00.dir/CheckFunctionExists.c.o  -o cmTC_9be00 
Undefined symbols for architecture x86_64:
  "__ltoa", referenced from:
      _main in CheckFunctionExists.c.o
ld: symbol(s) not found for architecture x86_64
clang: error: linker command failed with exit code 1 (use -v to see invocation)
make[5]: *** [cmTC_9be00] Error 1
make[4]: *** [cmTC_9be00/fast] Error 2


Determining if the function _uitoa exists failed with the following output:
Change Dir: /Users/abodnar/UNT/Projects/Wolf3D/cmake-build-debug/sdl/source/src/sdlLibrary-build/CMakeFiles/CMakeTmp

Run Build Command(s):/usr/bin/make cmTC_66da7/fast 
/Applications/Xcode.app/Contents/Developer/usr/bin/make -f CMakeFiles/cmTC_66da7.dir/build.make CMakeFiles/cmTC_66da7.dir/build
Building C object CMakeFiles/cmTC_66da7.dir/CheckFunctionExists.c.o
/Applications/Xcode.app/Contents/Developer/Toolchains/XcodeDefault.xctoolchain/usr/bin/cc   -g -O3 -idirafter /Users/abodnar/UNT/Projects/Wolf3D/cmake-build-debug/sdl/source/src/sdlLibrary/src/video/khronos -DCHECK_FUNCTION_EXISTS=_uitoa   -o CMakeFiles/cmTC_66da7.dir/CheckFunctionExists.c.o   -c /Applications/CLion.app/Contents/bin/cmake/mac/share/cmake-3.14/Modules/CheckFunctionExists.c
Linking C executable cmTC_66da7
/Applications/CLion.app/Contents/bin/cmake/mac/bin/cmake -E cmake_link_script CMakeFiles/cmTC_66da7.dir/link.txt --verbose=1
/Applications/Xcode.app/Contents/Developer/Toolchains/XcodeDefault.xctoolchain/usr/bin/cc -g -O3 -idirafter /Users/abodnar/UNT/Projects/Wolf3D/cmake-build-debug/sdl/source/src/sdlLibrary/src/video/khronos -DCHECK_FUNCTION_EXISTS=_uitoa -Wl,-search_paths_first -Wl,-headerpad_max_install_names   CMakeFiles/cmTC_66da7.dir/CheckFunctionExists.c.o  -o cmTC_66da7 
Undefined symbols for architecture x86_64:
  "__uitoa", referenced from:
      _main in CheckFunctionExists.c.o
ld: symbol(s) not found for architecture x86_64
clang: error: linker command failed with exit code 1 (use -v to see invocation)
make[5]: *** [cmTC_66da7] Error 1
make[4]: *** [cmTC_66da7/fast] Error 2


Determining if the function _ultoa exists failed with the following output:
Change Dir: /Users/abodnar/UNT/Projects/Wolf3D/cmake-build-debug/sdl/source/src/sdlLibrary-build/CMakeFiles/CMakeTmp

Run Build Command(s):/usr/bin/make cmTC_fb1b1/fast 
/Applications/Xcode.app/Contents/Developer/usr/bin/make -f CMakeFiles/cmTC_fb1b1.dir/build.make CMakeFiles/cmTC_fb1b1.dir/build
Building C object CMakeFiles/cmTC_fb1b1.dir/CheckFunctionExists.c.o
/Applications/Xcode.app/Contents/Developer/Toolchains/XcodeDefault.xctoolchain/usr/bin/cc   -g -O3 -idirafter /Users/abodnar/UNT/Projects/Wolf3D/cmake-build-debug/sdl/source/src/sdlLibrary/src/video/khronos -DCHECK_FUNCTION_EXISTS=_ultoa   -o CMakeFiles/cmTC_fb1b1.dir/CheckFunctionExists.c.o   -c /Applications/CLion.app/Contents/bin/cmake/mac/share/cmake-3.14/Modules/CheckFunctionExists.c
Linking C executable cmTC_fb1b1
/Applications/CLion.app/Contents/bin/cmake/mac/bin/cmake -E cmake_link_script CMakeFiles/cmTC_fb1b1.dir/link.txt --verbose=1
/Applications/Xcode.app/Contents/Developer/Toolchains/XcodeDefault.xctoolchain/usr/bin/cc -g -O3 -idirafter /Users/abodnar/UNT/Projects/Wolf3D/cmake-build-debug/sdl/source/src/sdlLibrary/src/video/khronos -DCHECK_FUNCTION_EXISTS=_ultoa -Wl,-search_paths_first -Wl,-headerpad_max_install_names   CMakeFiles/cmTC_fb1b1.dir/CheckFunctionExists.c.o  -o cmTC_fb1b1 
Undefined symbols for architecture x86_64:
  "__ultoa", referenced from:
      _main in CheckFunctionExists.c.o
ld: symbol(s) not found for architecture x86_64
clang: error: linker command failed with exit code 1 (use -v to see invocation)
make[5]: *** [cmTC_fb1b1] Error 1
make[4]: *** [cmTC_fb1b1/fast] Error 2


Determining if the function _i64toa exists failed with the following output:
Change Dir: /Users/abodnar/UNT/Projects/Wolf3D/cmake-build-debug/sdl/source/src/sdlLibrary-build/CMakeFiles/CMakeTmp

Run Build Command(s):/usr/bin/make cmTC_ef36d/fast 
/Applications/Xcode.app/Contents/Developer/usr/bin/make -f CMakeFiles/cmTC_ef36d.dir/build.make CMakeFiles/cmTC_ef36d.dir/build
Building C object CMakeFiles/cmTC_ef36d.dir/CheckFunctionExists.c.o
/Applications/Xcode.app/Contents/Developer/Toolchains/XcodeDefault.xctoolchain/usr/bin/cc   -g -O3 -idirafter /Users/abodnar/UNT/Projects/Wolf3D/cmake-build-debug/sdl/source/src/sdlLibrary/src/video/khronos -DCHECK_FUNCTION_EXISTS=_i64toa   -o CMakeFiles/cmTC_ef36d.dir/CheckFunctionExists.c.o   -c /Applications/CLion.app/Contents/bin/cmake/mac/share/cmake-3.14/Modules/CheckFunctionExists.c
Linking C executable cmTC_ef36d
/Applications/CLion.app/Contents/bin/cmake/mac/bin/cmake -E cmake_link_script CMakeFiles/cmTC_ef36d.dir/link.txt --verbose=1
/Applications/Xcode.app/Contents/Developer/Toolchains/XcodeDefault.xctoolchain/usr/bin/cc -g -O3 -idirafter /Users/abodnar/UNT/Projects/Wolf3D/cmake-build-debug/sdl/source/src/sdlLibrary/src/video/khronos -DCHECK_FUNCTION_EXISTS=_i64toa -Wl,-search_paths_first -Wl,-headerpad_max_install_names   CMakeFiles/cmTC_ef36d.dir/CheckFunctionExists.c.o  -o cmTC_ef36d 
Undefined symbols for architecture x86_64:
  "__i64toa", referenced from:
      _main in CheckFunctionExists.c.o
ld: symbol(s) not found for architecture x86_64
clang: error: linker command failed with exit code 1 (use -v to see invocation)
make[5]: *** [cmTC_ef36d] Error 1
make[4]: *** [cmTC_ef36d/fast] Error 2


Determining if the function _ui64toa exists failed with the following output:
Change Dir: /Users/abodnar/UNT/Projects/Wolf3D/cmake-build-debug/sdl/source/src/sdlLibrary-build/CMakeFiles/CMakeTmp

Run Build Command(s):/usr/bin/make cmTC_7b986/fast 
/Applications/Xcode.app/Contents/Developer/usr/bin/make -f CMakeFiles/cmTC_7b986.dir/build.make CMakeFiles/cmTC_7b986.dir/build
Building C object CMakeFiles/cmTC_7b986.dir/CheckFunctionExists.c.o
/Applications/Xcode.app/Contents/Developer/Toolchains/XcodeDefault.xctoolchain/usr/bin/cc   -g -O3 -idirafter /Users/abodnar/UNT/Projects/Wolf3D/cmake-build-debug/sdl/source/src/sdlLibrary/src/video/khronos -DCHECK_FUNCTION_EXISTS=_ui64toa   -o CMakeFiles/cmTC_7b986.dir/CheckFunctionExists.c.o   -c /Applications/CLion.app/Contents/bin/cmake/mac/share/cmake-3.14/Modules/CheckFunctionExists.c
Linking C executable cmTC_7b986
/Applications/CLion.app/Contents/bin/cmake/mac/bin/cmake -E cmake_link_script CMakeFiles/cmTC_7b986.dir/link.txt --verbose=1
/Applications/Xcode.app/Contents/Developer/Toolchains/XcodeDefault.xctoolchain/usr/bin/cc -g -O3 -idirafter /Users/abodnar/UNT/Projects/Wolf3D/cmake-build-debug/sdl/source/src/sdlLibrary/src/video/khronos -DCHECK_FUNCTION_EXISTS=_ui64toa -Wl,-search_paths_first -Wl,-headerpad_max_install_names   CMakeFiles/cmTC_7b986.dir/CheckFunctionExists.c.o  -o cmTC_7b986 
Undefined symbols for architecture x86_64:
  "__ui64toa", referenced from:
      _main in CheckFunctionExists.c.o
ld: symbol(s) not found for architecture x86_64
clang: error: linker command failed with exit code 1 (use -v to see invocation)
make[5]: *** [cmTC_7b986] Error 1
make[4]: *** [cmTC_7b986/fast] Error 2


Determining if the function _stricmp exists failed with the following output:
Change Dir: /Users/abodnar/UNT/Projects/Wolf3D/cmake-build-debug/sdl/source/src/sdlLibrary-build/CMakeFiles/CMakeTmp

Run Build Command(s):/usr/bin/make cmTC_9190f/fast 
/Applications/Xcode.app/Contents/Developer/usr/bin/make -f CMakeFiles/cmTC_9190f.dir/build.make CMakeFiles/cmTC_9190f.dir/build
Building C object CMakeFiles/cmTC_9190f.dir/CheckFunctionExists.c.o
/Applications/Xcode.app/Contents/Developer/Toolchains/XcodeDefault.xctoolchain/usr/bin/cc   -g -O3 -idirafter /Users/abodnar/UNT/Projects/Wolf3D/cmake-build-debug/sdl/source/src/sdlLibrary/src/video/khronos -DCHECK_FUNCTION_EXISTS=_stricmp   -o CMakeFiles/cmTC_9190f.dir/CheckFunctionExists.c.o   -c /Applications/CLion.app/Contents/bin/cmake/mac/share/cmake-3.14/Modules/CheckFunctionExists.c
Linking C executable cmTC_9190f
/Applications/CLion.app/Contents/bin/cmake/mac/bin/cmake -E cmake_link_script CMakeFiles/cmTC_9190f.dir/link.txt --verbose=1
/Applications/Xcode.app/Contents/Developer/Toolchains/XcodeDefault.xctoolchain/usr/bin/cc -g -O3 -idirafter /Users/abodnar/UNT/Projects/Wolf3D/cmake-build-debug/sdl/source/src/sdlLibrary/src/video/khronos -DCHECK_FUNCTION_EXISTS=_stricmp -Wl,-search_paths_first -Wl,-headerpad_max_install_names   CMakeFiles/cmTC_9190f.dir/CheckFunctionExists.c.o  -o cmTC_9190f 
Undefined symbols for architecture x86_64:
  "__stricmp", referenced from:
      _main in CheckFunctionExists.c.o
ld: symbol(s) not found for architecture x86_64
clang: error: linker command failed with exit code 1 (use -v to see invocation)
make[5]: *** [cmTC_9190f] Error 1
make[4]: *** [cmTC_9190f/fast] Error 2


Determining if the function _strnicmp exists failed with the following output:
Change Dir: /Users/abodnar/UNT/Projects/Wolf3D/cmake-build-debug/sdl/source/src/sdlLibrary-build/CMakeFiles/CMakeTmp

Run Build Command(s):/usr/bin/make cmTC_17d13/fast 
/Applications/Xcode.app/Contents/Developer/usr/bin/make -f CMakeFiles/cmTC_17d13.dir/build.make CMakeFiles/cmTC_17d13.dir/build
Building C object CMakeFiles/cmTC_17d13.dir/CheckFunctionExists.c.o
/Applications/Xcode.app/Contents/Developer/Toolchains/XcodeDefault.xctoolchain/usr/bin/cc   -g -O3 -idirafter /Users/abodnar/UNT/Projects/Wolf3D/cmake-build-debug/sdl/source/src/sdlLibrary/src/video/khronos -DCHECK_FUNCTION_EXISTS=_strnicmp   -o CMakeFiles/cmTC_17d13.dir/CheckFunctionExists.c.o   -c /Applications/CLion.app/Contents/bin/cmake/mac/share/cmake-3.14/Modules/CheckFunctionExists.c
Linking C executable cmTC_17d13
/Applications/CLion.app/Contents/bin/cmake/mac/bin/cmake -E cmake_link_script CMakeFiles/cmTC_17d13.dir/link.txt --verbose=1
/Applications/Xcode.app/Contents/Developer/Toolchains/XcodeDefault.xctoolchain/usr/bin/cc -g -O3 -idirafter /Users/abodnar/UNT/Projects/Wolf3D/cmake-build-debug/sdl/source/src/sdlLibrary/src/video/khronos -DCHECK_FUNCTION_EXISTS=_strnicmp -Wl,-search_paths_first -Wl,-headerpad_max_install_names   CMakeFiles/cmTC_17d13.dir/CheckFunctionExists.c.o  -o cmTC_17d13 
Undefined symbols for architecture x86_64:
  "__strnicmp", referenced from:
      _main in CheckFunctionExists.c.o
ld: symbol(s) not found for architecture x86_64
clang: error: linker command failed with exit code 1 (use -v to see invocation)
make[5]: *** [cmTC_17d13] Error 1
make[4]: *** [cmTC_17d13/fast] Error 2


Determining if the function fopen64 exists failed with the following output:
Change Dir: /Users/abodnar/UNT/Projects/Wolf3D/cmake-build-debug/sdl/source/src/sdlLibrary-build/CMakeFiles/CMakeTmp

Run Build Command(s):/usr/bin/make cmTC_625d3/fast 
/Applications/Xcode.app/Contents/Developer/usr/bin/make -f CMakeFiles/cmTC_625d3.dir/build.make CMakeFiles/cmTC_625d3.dir/build
Building C object CMakeFiles/cmTC_625d3.dir/CheckFunctionExists.c.o
/Applications/Xcode.app/Contents/Developer/Toolchains/XcodeDefault.xctoolchain/usr/bin/cc   -g -O3 -idirafter /Users/abodnar/UNT/Projects/Wolf3D/cmake-build-debug/sdl/source/src/sdlLibrary/src/video/khronos -DCHECK_FUNCTION_EXISTS=fopen64   -o CMakeFiles/cmTC_625d3.dir/CheckFunctionExists.c.o   -c /Applications/CLion.app/Contents/bin/cmake/mac/share/cmake-3.14/Modules/CheckFunctionExists.c
Linking C executable cmTC_625d3
/Applications/CLion.app/Contents/bin/cmake/mac/bin/cmake -E cmake_link_script CMakeFiles/cmTC_625d3.dir/link.txt --verbose=1
/Applications/Xcode.app/Contents/Developer/Toolchains/XcodeDefault.xctoolchain/usr/bin/cc -g -O3 -idirafter /Users/abodnar/UNT/Projects/Wolf3D/cmake-build-debug/sdl/source/src/sdlLibrary/src/video/khronos -DCHECK_FUNCTION_EXISTS=fopen64 -Wl,-search_paths_first -Wl,-headerpad_max_install_names   CMakeFiles/cmTC_625d3.dir/CheckFunctionExists.c.o  -o cmTC_625d3 
Undefined symbols for architecture x86_64:
  "_fopen64", referenced from:
      _main in CheckFunctionExists.c.o
ld: symbol(s) not found for architecture x86_64
clang: error: linker command failed with exit code 1 (use -v to see invocation)
make[5]: *** [cmTC_625d3] Error 1
make[4]: *** [cmTC_625d3/fast] Error 2


Determining if the function fseeko64 exists failed with the following output:
Change Dir: /Users/abodnar/UNT/Projects/Wolf3D/cmake-build-debug/sdl/source/src/sdlLibrary-build/CMakeFiles/CMakeTmp

Run Build Command(s):/usr/bin/make cmTC_2d607/fast 
/Applications/Xcode.app/Contents/Developer/usr/bin/make -f CMakeFiles/cmTC_2d607.dir/build.make CMakeFiles/cmTC_2d607.dir/build
Building C object CMakeFiles/cmTC_2d607.dir/CheckFunctionExists.c.o
/Applications/Xcode.app/Contents/Developer/Toolchains/XcodeDefault.xctoolchain/usr/bin/cc   -g -O3 -idirafter /Users/abodnar/UNT/Projects/Wolf3D/cmake-build-debug/sdl/source/src/sdlLibrary/src/video/khronos -DCHECK_FUNCTION_EXISTS=fseeko64   -o CMakeFiles/cmTC_2d607.dir/CheckFunctionExists.c.o   -c /Applications/CLion.app/Contents/bin/cmake/mac/share/cmake-3.14/Modules/CheckFunctionExists.c
Linking C executable cmTC_2d607
/Applications/CLion.app/Contents/bin/cmake/mac/bin/cmake -E cmake_link_script CMakeFiles/cmTC_2d607.dir/link.txt --verbose=1
/Applications/Xcode.app/Contents/Developer/Toolchains/XcodeDefault.xctoolchain/usr/bin/cc -g -O3 -idirafter /Users/abodnar/UNT/Projects/Wolf3D/cmake-build-debug/sdl/source/src/sdlLibrary/src/video/khronos -DCHECK_FUNCTION_EXISTS=fseeko64 -Wl,-search_paths_first -Wl,-headerpad_max_install_names   CMakeFiles/cmTC_2d607.dir/CheckFunctionExists.c.o  -o cmTC_2d607 
Undefined symbols for architecture x86_64:
  "_fseeko64", referenced from:
      _main in CheckFunctionExists.c.o
ld: symbol(s) not found for architecture x86_64
clang: error: linker command failed with exit code 1 (use -v to see invocation)
make[5]: *** [cmTC_2d607] Error 1
make[4]: *** [cmTC_2d607/fast] Error 2


Determining if the function getauxval exists failed with the following output:
Change Dir: /Users/abodnar/UNT/Projects/Wolf3D/cmake-build-debug/sdl/source/src/sdlLibrary-build/CMakeFiles/CMakeTmp

Run Build Command(s):/usr/bin/make cmTC_17ce4/fast 
/Applications/Xcode.app/Contents/Developer/usr/bin/make -f CMakeFiles/cmTC_17ce4.dir/build.make CMakeFiles/cmTC_17ce4.dir/build
Building C object CMakeFiles/cmTC_17ce4.dir/CheckFunctionExists.c.o
/Applications/Xcode.app/Contents/Developer/Toolchains/XcodeDefault.xctoolchain/usr/bin/cc   -g -O3 -idirafter /Users/abodnar/UNT/Projects/Wolf3D/cmake-build-debug/sdl/source/src/sdlLibrary/src/video/khronos -DCHECK_FUNCTION_EXISTS=getauxval   -o CMakeFiles/cmTC_17ce4.dir/CheckFunctionExists.c.o   -c /Applications/CLion.app/Contents/bin/cmake/mac/share/cmake-3.14/Modules/CheckFunctionExists.c
Linking C executable cmTC_17ce4
/Applications/CLion.app/Contents/bin/cmake/mac/bin/cmake -E cmake_link_script CMakeFiles/cmTC_17ce4.dir/link.txt --verbose=1
/Applications/Xcode.app/Contents/Developer/Toolchains/XcodeDefault.xctoolchain/usr/bin/cc -g -O3 -idirafter /Users/abodnar/UNT/Projects/Wolf3D/cmake-build-debug/sdl/source/src/sdlLibrary/src/video/khronos -DCHECK_FUNCTION_EXISTS=getauxval -Wl,-search_paths_first -Wl,-headerpad_max_install_names   CMakeFiles/cmTC_17ce4.dir/CheckFunctionExists.c.o  -o cmTC_17ce4 
Undefined symbols for architecture x86_64:
  "_getauxval", referenced from:
      _main in CheckFunctionExists.c.o
ld: symbol(s) not found for architecture x86_64
clang: error: linker command failed with exit code 1 (use -v to see invocation)
make[5]: *** [cmTC_17ce4] Error 1
make[4]: *** [cmTC_17ce4/fast] Error 2


Performing C SOURCE FILE Test HAVE_SEM_TIMEDWAIT failed with the following output:
Change Dir: /Users/abodnar/UNT/Projects/Wolf3D/cmake-build-debug/sdl/source/src/sdlLibrary-build/CMakeFiles/CMakeTmp

Run Build Command(s):/usr/bin/make cmTC_7dfa5/fast 
/Applications/Xcode.app/Contents/Developer/usr/bin/make -f CMakeFiles/cmTC_7dfa5.dir/build.make CMakeFiles/cmTC_7dfa5.dir/build
Building C object CMakeFiles/cmTC_7dfa5.dir/src.c.o
/Applications/Xcode.app/Contents/Developer/Toolchains/XcodeDefault.xctoolchain/usr/bin/cc   -g -O3 -idirafter /Users/abodnar/UNT/Projects/Wolf3D/cmake-build-debug/sdl/source/src/sdlLibrary/src/video/khronos -DHAVE_SEM_TIMEDWAIT  -D_THREAD_SAFE   -o CMakeFiles/cmTC_7dfa5.dir/src.c.o   -c /Users/abodnar/UNT/Projects/Wolf3D/cmake-build-debug/sdl/source/src/sdlLibrary-build/CMakeFiles/CMakeTmp/src.c
/Users/abodnar/UNT/Projects/Wolf3D/cmake-build-debug/sdl/source/src/sdlLibrary-build/CMakeFiles/CMakeTmp/src.c:5:19: warning: implicit declaration of function 'sem_timedwait' is invalid in C99 [-Wimplicit-function-declaration]
                  sem_timedwait(NULL, NULL);
                  ^
1 warning generated.
Linking C executable cmTC_7dfa5
/Applications/CLion.app/Contents/bin/cmake/mac/bin/cmake -E cmake_link_script CMakeFiles/cmTC_7dfa5.dir/link.txt --verbose=1
/Applications/Xcode.app/Contents/Developer/Toolchains/XcodeDefault.xctoolchain/usr/bin/cc -g -O3 -idirafter /Users/abodnar/UNT/Projects/Wolf3D/cmake-build-debug/sdl/source/src/sdlLibrary/src/video/khronos -DHAVE_SEM_TIMEDWAIT  -D_THREAD_SAFE -Wl,-search_paths_first -Wl,-headerpad_max_install_names   CMakeFiles/cmTC_7dfa5.dir/src.c.o  -o cmTC_7dfa5 
Undefined symbols for architecture x86_64:
  "_sem_timedwait", referenced from:
      _main in src.c.o
ld: symbol(s) not found for architecture x86_64
clang: error: linker command failed with exit code 1 (use -v to see invocation)
make[5]: *** [cmTC_7dfa5] Error 1
make[4]: *** [cmTC_7dfa5/fast] Error 2

Source file was:

              #include <pthread.h>
              #include <semaphore.h>
              int main(int argc, char **argv) {
                  sem_timedwait(NULL, NULL);
                  return 0;
              }
Performing C SOURCE FILE Test HAVE_PTHREAD_NP_H failed with the following output:
Change Dir: /Users/abodnar/UNT/Projects/Wolf3D/cmake-build-debug/sdl/source/src/sdlLibrary-build/CMakeFiles/CMakeTmp

Run Build Command(s):/usr/bin/make cmTC_48411/fast 
/Applications/Xcode.app/Contents/Developer/usr/bin/make -f CMakeFiles/cmTC_48411.dir/build.make CMakeFiles/cmTC_48411.dir/build
Building C object CMakeFiles/cmTC_48411.dir/src.c.o
/Applications/Xcode.app/Contents/Developer/Toolchains/XcodeDefault.xctoolchain/usr/bin/cc   -g -O3 -idirafter /Users/abodnar/UNT/Projects/Wolf3D/cmake-build-debug/sdl/source/src/sdlLibrary/src/video/khronos -DHAVE_PTHREAD_NP_H  -D_THREAD_SAFE   -o CMakeFiles/cmTC_48411.dir/src.c.o   -c /Users/abodnar/UNT/Projects/Wolf3D/cmake-build-debug/sdl/source/src/sdlLibrary-build/CMakeFiles/CMakeTmp/src.c
/Users/abodnar/UNT/Projects/Wolf3D/cmake-build-debug/sdl/source/src/sdlLibrary-build/CMakeFiles/CMakeTmp/src.c:3:20: fatal error: 'pthread_np.h' file not found
          #include <pthread_np.h>
                   ^~~~~~~~~~~~~~
1 error generated.
make[5]: *** [CMakeFiles/cmTC_48411.dir/src.c.o] Error 1
make[4]: *** [cmTC_48411/fast] Error 2

Source file was:

          #include <pthread.h>
          #include <pthread_np.h>
          int main(int argc, char** argv) { return 0; }
Determining if the function pthread_set_name_np exists failed with the following output:
Change Dir: /Users/abodnar/UNT/Projects/Wolf3D/cmake-build-debug/sdl/source/src/sdlLibrary-build/CMakeFiles/CMakeTmp

Run Build Command(s):/usr/bin/make cmTC_f5832/fast 
/Applications/Xcode.app/Contents/Developer/usr/bin/make -f CMakeFiles/cmTC_f5832.dir/build.make CMakeFiles/cmTC_f5832.dir/build
Building C object CMakeFiles/cmTC_f5832.dir/CheckFunctionExists.c.o
/Applications/Xcode.app/Contents/Developer/Toolchains/XcodeDefault.xctoolchain/usr/bin/cc   -g -O3 -idirafter /Users/abodnar/UNT/Projects/Wolf3D/cmake-build-debug/sdl/source/src/sdlLibrary/src/video/khronos -DCHECK_FUNCTION_EXISTS=pthread_set_name_np  -D_THREAD_SAFE   -o CMakeFiles/cmTC_f5832.dir/CheckFunctionExists.c.o   -c /Applications/CLion.app/Contents/bin/cmake/mac/share/cmake-3.14/Modules/CheckFunctionExists.c
Linking C executable cmTC_f5832
/Applications/CLion.app/Contents/bin/cmake/mac/bin/cmake -E cmake_link_script CMakeFiles/cmTC_f5832.dir/link.txt --verbose=1
/Applications/Xcode.app/Contents/Developer/Toolchains/XcodeDefault.xctoolchain/usr/bin/cc -g -O3 -idirafter /Users/abodnar/UNT/Projects/Wolf3D/cmake-build-debug/sdl/source/src/sdlLibrary/src/video/khronos -DCHECK_FUNCTION_EXISTS=pthread_set_name_np  -D_THREAD_SAFE -Wl,-search_paths_first -Wl,-headerpad_max_install_names   CMakeFiles/cmTC_f5832.dir/CheckFunctionExists.c.o  -o cmTC_f5832 
Undefined symbols for architecture x86_64:
  "_pthread_set_name_np", referenced from:
      _main in CheckFunctionExists.c.o
ld: symbol(s) not found for architecture x86_64
clang: error: linker command failed with exit code 1 (use -v to see invocation)
make[5]: *** [cmTC_f5832] Error 1
make[4]: *** [cmTC_f5832/fast] Error 2


